<?xml version="1.0" encoding="UTF-8"?>
<testng-results skipped="0" failed="1" ignored="0" total="2" passed="1">
  <reporter-output>
    <line>
      <![CDATA[Click to see screenshot]]>
    </line>
    <line>
      <![CDATA[<a target = "_blank" href=C:\Users\Manas Vibhakar\IdeaProjects\hrmpftv3/test-output/html/userShouldNavigateToForgotPasswordPageSuccessfullyTue_Dec_13_21_58_52_GMT_2022.jpg>Screenshot</a>]]>
    </line>
    <line>
      <![CDATA[<br>]]>
    </line>
    <line>
      <![CDATA[<br>]]>
    </line>
    <line>
      <![CDATA[<a target = "_blank" href=C:\Users\Manas Vibhakar\IdeaProjects\hrmpftv3/test-output/html/userShouldNavigateToForgotPasswordPageSuccessfullyTue_Dec_13_21_58_52_GMT_2022.jpg><img src=C:\Users\Manas Vibhakar\IdeaProjects\hrmpftv3/test-output/html/userShouldNavigateToForgotPasswordPageSuccessfullyTue_Dec_13_21_58_52_GMT_2022.jpg height=200 width=200></img></a>]]>
    </line>
  </reporter-output>
  <suite name="testsuite" duration-ms="13295" started-at="2022-12-13T21:58:40 GMT" finished-at="2022-12-13T21:58:53 GMT">
    <groups>
      <group name="regression">
        <method signature="LoginTest.userShouldLoginSuccessfullyWithValidCredentials()[pri:0, instance:com.hrm.login.testsuite.LoginTest@704d6e83]" name="userShouldLoginSuccessfullyWithValidCredentials" class="com.hrm.login.testsuite.LoginTest"/>
        <method signature="LoginTest.userShouldNavigateToForgotPasswordPageSuccessfully()[pri:0, instance:com.hrm.login.testsuite.LoginTest@704d6e83]" name="userShouldNavigateToForgotPasswordPageSuccessfully" class="com.hrm.login.testsuite.LoginTest"/>
      </group> <!-- regression -->
      <group name="smoke">
        <method signature="LoginTest.userShouldNavigateToForgotPasswordPageSuccessfully()[pri:0, instance:com.hrm.login.testsuite.LoginTest@704d6e83]" name="userShouldNavigateToForgotPasswordPageSuccessfully" class="com.hrm.login.testsuite.LoginTest"/>
      </group> <!-- smoke -->
      <group name="sanity">
        <method signature="LoginTest.userShouldLoginSuccessfullyWithValidCredentials()[pri:0, instance:com.hrm.login.testsuite.LoginTest@704d6e83]" name="userShouldLoginSuccessfullyWithValidCredentials" class="com.hrm.login.testsuite.LoginTest"/>
      </group> <!-- sanity -->
    </groups>
    <test name="Login Test" duration-ms="13295" started-at="2022-12-13T21:58:40 GMT" finished-at="2022-12-13T21:58:53 GMT">
      <class name="com.hrm.login.testsuite.LoginTest">
        <test-method status="PASS" signature="setUp()[pri:0, instance:com.hrm.login.testsuite.LoginTest@704d6e83]" name="setUp" is-config="true" duration-ms="5992" started-at="2022-12-13T21:58:40 GMT" finished-at="2022-12-13T21:58:46 GMT">
          <reporter-output>
          </reporter-output>
        </test-method> <!-- setUp -->
        <test-method status="PASS" signature="inIt()[pri:0, instance:com.hrm.login.testsuite.LoginTest@704d6e83]" name="inIt" is-config="true" duration-ms="23" started-at="2022-12-13T21:58:46 GMT" finished-at="2022-12-13T21:58:46 GMT">
          <reporter-output>
          </reporter-output>
        </test-method> <!-- inIt -->
        <test-method status="PASS" signature="userShouldLoginSuccessfullyWithValidCredentials()[pri:0, instance:com.hrm.login.testsuite.LoginTest@704d6e83]" name="userShouldLoginSuccessfullyWithValidCredentials" duration-ms="1613" started-at="2022-12-13T21:58:46 GMT" finished-at="2022-12-13T21:58:48 GMT">
          <reporter-output>
          </reporter-output>
        </test-method> <!-- userShouldLoginSuccessfullyWithValidCredentials -->
        <test-method status="PASS" signature="tearDown()[pri:0, instance:com.hrm.login.testsuite.LoginTest@704d6e83]" name="tearDown" is-config="true" duration-ms="796" started-at="2022-12-13T21:58:48 GMT" finished-at="2022-12-13T21:58:49 GMT">
          <reporter-output>
          </reporter-output>
        </test-method> <!-- tearDown -->
        <test-method status="PASS" signature="setUp()[pri:0, instance:com.hrm.login.testsuite.LoginTest@704d6e83]" name="setUp" is-config="true" duration-ms="2878" started-at="2022-12-13T21:58:49 GMT" finished-at="2022-12-13T21:58:51 GMT">
          <reporter-output>
          </reporter-output>
        </test-method> <!-- setUp -->
        <test-method status="PASS" signature="inIt()[pri:0, instance:com.hrm.login.testsuite.LoginTest@704d6e83]" name="inIt" is-config="true" duration-ms="2" started-at="2022-12-13T21:58:51 GMT" finished-at="2022-12-13T21:58:51 GMT">
          <reporter-output>
          </reporter-output>
        </test-method> <!-- inIt -->
        <test-method status="FAIL" signature="userShouldNavigateToForgotPasswordPageSuccessfully()[pri:0, instance:com.hrm.login.testsuite.LoginTest@704d6e83]" name="userShouldNavigateToForgotPasswordPageSuccessfully" duration-ms="689" started-at="2022-12-13T21:58:51 GMT" finished-at="2022-12-13T21:58:52 GMT">
          <exception class="org.openqa.selenium.InvalidSelectorException">
            <message>
              <![CDATA[invalid selector: Unable to locate an element with the xpath expression //button[@class='oxd-button oxd-button--large oxd-button--secondary orangehrm-forgot-password-button orangehrm-forgot-password-button--reset']") because of the following error:
SyntaxError: Failed to execute 'evaluate' on 'Document': The string '//button[@class='oxd-button oxd-button--large oxd-button--secondary orangehrm-forgot-password-button orangehrm-forgot-password-button--reset']")' is not a valid XPath expression.
  (Session info: chrome=108.0.5359.99)
For documentation on this error, please visit: https://selenium.dev/exceptions/#invalid_selector_exception
Build info: version: '4.6.0', revision: '79f1c02ae20'
System info: os.name: 'Windows 10', os.arch: 'amd64', os.version: '10.0', java.version: '1.8.0_121'
Driver info: org.openqa.selenium.chrome.ChromeDriver
Command: [6237d593bcd868182e0b92f79e2c08fc, findElement {using=xpath, value=//button[@class='oxd-button oxd-button--large oxd-button--secondary orangehrm-forgot-password-button orangehrm-forgot-password-button--reset']")}]
Capabilities {acceptInsecureCerts: false, browserName: chrome, browserVersion: 108.0.5359.99, chrome: {chromedriverVersion: 108.0.5359.71 (1e0e3868ee06..., userDataDir: C:\Users\MANASV~1\AppData\L...}, goog:chromeOptions: {debuggerAddress: localhost:51298}, networkConnectionEnabled: false, pageLoadStrategy: normal, platformName: WINDOWS, proxy: Proxy(), se:cdp: ws://localhost:51298/devtoo..., se:cdpVersion: 108.0.5359.99, setWindowRect: true, strictFileInteractability: false, timeouts: {implicit: 0, pageLoad: 300000, script: 30000}, unhandledPromptBehavior: dismiss and notify, webauthn:extension:credBlob: true, webauthn:extension:largeBlob: true, webauthn:virtualAuthenticators: true}
Session ID: 6237d593bcd868182e0b92f79e2c08fc]]>
            </message>
            <full-stacktrace>
              <![CDATA[org.openqa.selenium.InvalidSelectorException: invalid selector: Unable to locate an element with the xpath expression //button[@class='oxd-button oxd-button--large oxd-button--secondary orangehrm-forgot-password-button orangehrm-forgot-password-button--reset']") because of the following error:
SyntaxError: Failed to execute 'evaluate' on 'Document': The string '//button[@class='oxd-button oxd-button--large oxd-button--secondary orangehrm-forgot-password-button orangehrm-forgot-password-button--reset']")' is not a valid XPath expression.
  (Session info: chrome=108.0.5359.99)
For documentation on this error, please visit: https://selenium.dev/exceptions/#invalid_selector_exception
Build info: version: '4.6.0', revision: '79f1c02ae20'
System info: os.name: 'Windows 10', os.arch: 'amd64', os.version: '10.0', java.version: '1.8.0_121'
Driver info: org.openqa.selenium.chrome.ChromeDriver
Command: [6237d593bcd868182e0b92f79e2c08fc, findElement {using=xpath, value=//button[@class='oxd-button oxd-button--large oxd-button--secondary orangehrm-forgot-password-button orangehrm-forgot-password-button--reset']")}]
Capabilities {acceptInsecureCerts: false, browserName: chrome, browserVersion: 108.0.5359.99, chrome: {chromedriverVersion: 108.0.5359.71 (1e0e3868ee06..., userDataDir: C:\Users\MANASV~1\AppData\L...}, goog:chromeOptions: {debuggerAddress: localhost:51298}, networkConnectionEnabled: false, pageLoadStrategy: normal, platformName: WINDOWS, proxy: Proxy(), se:cdp: ws://localhost:51298/devtoo..., se:cdpVersion: 108.0.5359.99, setWindowRect: true, strictFileInteractability: false, timeouts: {implicit: 0, pageLoad: 300000, script: 30000}, unhandledPromptBehavior: dismiss and notify, webauthn:extension:credBlob: true, webauthn:extension:largeBlob: true, webauthn:virtualAuthenticators: true}
Session ID: 6237d593bcd868182e0b92f79e2c08fc
at sun.reflect.NativeConstructorAccessorImpl.newInstance0(Native Method)
at sun.reflect.NativeConstructorAccessorImpl.newInstance(NativeConstructorAccessorImpl.java:62)
at sun.reflect.DelegatingConstructorAccessorImpl.newInstance(DelegatingConstructorAccessorImpl.java:45)
at java.lang.reflect.Constructor.newInstance(Constructor.java:423)
at org.openqa.selenium.remote.codec.w3c.W3CHttpResponseCodec.createException(W3CHttpResponseCodec.java:200)
at org.openqa.selenium.remote.codec.w3c.W3CHttpResponseCodec.decode(W3CHttpResponseCodec.java:133)
at org.openqa.selenium.remote.codec.w3c.W3CHttpResponseCodec.decode(W3CHttpResponseCodec.java:53)
at org.openqa.selenium.remote.HttpCommandExecutor.execute(HttpCommandExecutor.java:184)
at org.openqa.selenium.remote.service.DriverCommandExecutor.invokeExecute(DriverCommandExecutor.java:167)
at org.openqa.selenium.remote.service.DriverCommandExecutor.execute(DriverCommandExecutor.java:142)
at org.openqa.selenium.remote.RemoteWebDriver.execute(RemoteWebDriver.java:541)
at org.openqa.selenium.remote.ElementLocation$ElementFinder$2.findElement(ElementLocation.java:162)
at org.openqa.selenium.remote.ElementLocation.findElement(ElementLocation.java:60)
at org.openqa.selenium.remote.RemoteWebDriver.findElement(RemoteWebDriver.java:365)
at org.openqa.selenium.remote.RemoteWebDriver.findElement(RemoteWebDriver.java:357)
at org.openqa.selenium.support.pagefactory.DefaultElementLocator.findElement(DefaultElementLocator.java:70)
at org.openqa.selenium.support.pagefactory.internal.LocatingElementHandler.invoke(LocatingElementHandler.java:39)
at com.sun.proxy.$Proxy16.getText(Unknown Source)
at com.hrm.login.utility.Utility.getTextFromElement(Utility.java:64)
at com.hrm.login.pages.LoginPage.verifyResetText(LoginPage.java:55)
at com.hrm.login.testsuite.LoginTest.userShouldNavigateToForgotPasswordPageSuccessfully(LoginTest.java:34)
at sun.reflect.NativeMethodAccessorImpl.invoke0(Native Method)
at sun.reflect.NativeMethodAccessorImpl.invoke(NativeMethodAccessorImpl.java:62)
at sun.reflect.DelegatingMethodAccessorImpl.invoke(DelegatingMethodAccessorImpl.java:43)
at java.lang.reflect.Method.invoke(Method.java:498)
at org.testng.internal.invokers.MethodInvocationHelper.invokeMethod(MethodInvocationHelper.java:135)
at org.testng.internal.invokers.TestInvoker.invokeMethod(TestInvoker.java:673)
at org.testng.internal.invokers.TestInvoker.invokeTestMethod(TestInvoker.java:220)
at org.testng.internal.invokers.MethodRunner.runInSequence(MethodRunner.java:50)
at org.testng.internal.invokers.TestInvoker$MethodInvocationAgent.invoke(TestInvoker.java:945)
at org.testng.internal.invokers.TestInvoker.invokeTestMethods(TestInvoker.java:193)
at org.testng.internal.invokers.TestMethodWorker.invokeTestMethods(TestMethodWorker.java:146)
at org.testng.internal.invokers.TestMethodWorker.run(TestMethodWorker.java:128)
at java.util.ArrayList.forEach(ArrayList.java:1249)
at org.testng.TestRunner.privateRun(TestRunner.java:808)
at org.testng.TestRunner.run(TestRunner.java:603)
at org.testng.SuiteRunner.runTest(SuiteRunner.java:429)
at org.testng.SuiteRunner.runSequentially(SuiteRunner.java:423)
at org.testng.SuiteRunner.privateRun(SuiteRunner.java:383)
at org.testng.SuiteRunner.run(SuiteRunner.java:326)
at org.testng.SuiteRunnerWorker.runSuite(SuiteRunnerWorker.java:52)
at org.testng.SuiteRunnerWorker.run(SuiteRunnerWorker.java:95)
at org.testng.TestNG.runSuitesSequentially(TestNG.java:1249)
at org.testng.TestNG.runSuitesLocally(TestNG.java:1169)
at org.testng.TestNG.runSuites(TestNG.java:1092)
at org.testng.TestNG.run(TestNG.java:1060)
at com.intellij.rt.testng.IDEARemoteTestNG.run(IDEARemoteTestNG.java:66)
at com.intellij.rt.testng.RemoteTestNGStarter.main(RemoteTestNGStarter.java:109)
]]>
            </full-stacktrace>
          </exception> <!-- org.openqa.selenium.InvalidSelectorException -->
          <reporter-output>
            <line>
              <![CDATA[Click to see screenshot]]>
            </line>
            <line>
              <![CDATA[<a target = "_blank" href=C:\Users\Manas Vibhakar\IdeaProjects\hrmpftv3/test-output/html/userShouldNavigateToForgotPasswordPageSuccessfullyTue_Dec_13_21_58_52_GMT_2022.jpg>Screenshot</a>]]>
            </line>
            <line>
              <![CDATA[<br>]]>
            </line>
            <line>
              <![CDATA[<br>]]>
            </line>
            <line>
              <![CDATA[<a target = "_blank" href=C:\Users\Manas Vibhakar\IdeaProjects\hrmpftv3/test-output/html/userShouldNavigateToForgotPasswordPageSuccessfullyTue_Dec_13_21_58_52_GMT_2022.jpg><img src=C:\Users\Manas Vibhakar\IdeaProjects\hrmpftv3/test-output/html/userShouldNavigateToForgotPasswordPageSuccessfullyTue_Dec_13_21_58_52_GMT_2022.jpg height=200 width=200></img></a>]]>
            </line>
          </reporter-output>
        </test-method> <!-- userShouldNavigateToForgotPasswordPageSuccessfully -->
        <test-method status="PASS" signature="tearDown()[pri:0, instance:com.hrm.login.testsuite.LoginTest@704d6e83]" name="tearDown" is-config="true" duration-ms="748" started-at="2022-12-13T21:58:52 GMT" finished-at="2022-12-13T21:58:53 GMT">
          <reporter-output>
          </reporter-output>
        </test-method> <!-- tearDown -->
      </class> <!-- com.hrm.login.testsuite.LoginTest -->
    </test> <!-- Login Test -->
  </suite> <!-- testsuite -->
</testng-results>
